<?xml version="1.0" encoding="UTF-8"?>
<testsuite name="planning.WavefrontTest" tests="1" skipped="0" failures="0" errors="0" timestamp="2021-08-20T15:59:46" hostname="PEXERS-ASUS" time="0.038">
  <properties/>
  <testcase name="test_find_best_paths()" classname="planning.WavefrontTest" time="0.038"/>
  <system-out><![CDATA[ -1.0 -1.0 -1.0 -1.0 -1.0 -1.0 -1.0 -1.0 -1.0 -1.0 -1.0
 -1.0  6.0  6.3  6.6  6.9  7.3  7.7  8.1 -1.0  6.9 -1.0
 -1.0  5.7  6.0 -1.0  7.3  7.7  8.1  8.5 -1.0  7.3 -1.0
 -1.0  5.7  6.0 -1.0  7.7  8.1  8.5  9.0 -1.0  7.7 -1.0
 -1.0  6.0  6.3 -1.0  7.7  8.1  8.5  9.0  8.5  8.1 -1.0
 -1.0  6.3  6.6  6.9  7.3  7.7 -1.0  8.5  8.1  7.7 -1.0
 -1.0  6.0  6.3  6.6  6.9  7.3  7.7  8.1  7.7  7.3 -1.0
 -1.0 -1.0 -1.0 -1.0 -1.0 -1.0 -1.0 -1.0 -1.0 -1.0 -1.0
----------------
W  W  W  W  W  W  W  W  W  W  W  
W  S  X  X  X  -  -  -  W  -  W  
W  -  -  W  X  -  -  -  W  -  W  
W  -  -  W  X  X  X  G  W  -  W  
W  -  -  W  -  -  -  G  -  -  W  
W  -  -  -  -  -  W  -  -  -  W  
W  -  -  -  -  -  -  -  -  -  W  
W  W  W  W  W  W  W  W  W  W  W  
----------------
W  W  W  W  W  W  W  W  W  W  W  
W  -  -  -  -  -  -  -  W  -  W  
W  -  -  W  -  -  -  -  W  -  W  
W  -  -  W  -  -  -  G  W  -  W  
W  -  -  W  X  X  X  G  -  -  W  
W  X  X  X  X  -  W  -  -  -  W  
W  S  -  -  -  -  -  -  -  -  W  
W  W  W  W  W  W  W  W  W  W  W  
----------------
]]></system-out>
  <system-err><![CDATA[]]></system-err>
</testsuite>
