<?xml version="1.0" encoding="UTF-8"?>
<testsuite name="NetworkTestingImages" tests="1" skipped="0" failures="0" errors="0" timestamp="2021-08-20T15:23:49" hostname="PEXERS-ASUS" time="0.078">
  <properties/>
  <testcase name="test_network()" classname="NetworkTestingImages" time="0.078"/>
  <system-out><![CDATA[Training ...
Total Error: 0.10 | Total Iterations: 1912
-----------Testing-----------
Entries: [1.0, 1.0, 1.0, 1.0, 1.0, 0.0, 0.0, 1.0, 0.0, 0.0, 0.0, 0.0, 0.0, 0.0, 0.0, 0.0] | Targets: [1.0, 0.0]
Results: [0.9730050343297588, 0.3597014881765122]
----------------------
Entries: [0.0, 0.0, 0.0, 0.0, 0.0, 0.0, 0.0, 0.0, 0.0, 1.0, 1.0, 0.0, 1.0, 0.0, 0.0, 1.0] | Targets: [0.0, 1.0]
Results: [0.352606611063629, 0.9287887014313453]
----------------------
Entries: [0.0, 1.0, 1.0, 0.0, 0.0, 0.0, 1.0, 0.0, 0.0, 0.0, 1.0, 0.0, 0.0, 0.0, 0.0, 0.0] | Targets: [1.0, 1.0]
Results: [0.828996882546629, 0.7126806270364232]
----------------------
Entries: [1.0, 1.0, 0.0, 0.0, 1.0, 0.0, 0.0, 0.0, 1.0, 0.0, 0.0, 0.0, 1.0, 1.0, 0.0, 0.0] | Targets: [1.0, 0.0]
Results: [0.924774277916756, 0.5591695578849942]
----------------------
Entries: [1.0, 0.0, 0.0, 0.0, 0.0, 1.0, 0.0, 0.0, 0.0, 0.0, 1.0, 0.0, 0.0, 0.0, 0.0, 1.0] | Targets: [0.0, 1.0]
Results: [0.35859426252355936, 0.925833463147831]
----------------------
Entries: [0.0, 0.0, 0.0, 0.0, 0.0, 1.0, 0.0, 0.0, 0.0, 1.0, 0.0, 0.0, 0.0, 1.0, 1.0, 0.0] | Targets: [1.0, 1.0]
Results: [0.619228651197708, 0.8461943646540324]
----------------------

]]></system-out>
  <system-err><![CDATA[]]></system-err>
</testsuite>
